INFO:root:GAME STARTED
INFO:root:Joe gets Ontario
INFO:root:Steve gets Ukraine
INFO:root:Steph gets India
INFO:root:Kelly gets Northern Europe
INFO:root:Mark gets Irkutsk
INFO:root:Joe gets North Africa
INFO:root:Steve gets Peru
INFO:root:Steph gets China
INFO:root:Kelly gets Great Britain
INFO:root:Mark gets Siberia
INFO:root:Joe gets Northwest Territory
INFO:root:Steve gets Egypt
INFO:root:Steph gets Mongolia
INFO:root:Kelly gets Scandinavia
INFO:root:Mark gets Yakutsk
INFO:root:Joe gets Western United States
INFO:root:Steve gets Central America
INFO:root:Steph gets Ural
INFO:root:Kelly gets Southern Europe
INFO:root:Mark gets Kamchatka
INFO:root:Joe gets Venezuela
INFO:root:Steve gets South Africa
INFO:root:Steph gets Japan
INFO:root:Kelly gets Western Europe
INFO:root:Mark gets Alaska
INFO:root:Joe gets East Africa
INFO:root:Steve gets Eastern United States
INFO:root:Steph gets Afghanistan
INFO:root:Kelly gets Iceland
INFO:root:Mark gets Alberta
INFO:root:Joe gets Quebec
INFO:root:Steve gets Greenland
INFO:root:Steph gets Siam
INFO:root:Kelly gets Middle East
INFO:root:Mark gets Madagascar
INFO:root:Joe gets Brazil
INFO:root:Steve gets Eastern Australia
INFO:root:Steph gets Indonesia
INFO:root:Kelly gets Western Australia
INFO:root:Mark gets Argentina
INFO:root:Joe gets New Guinea
INFO:root:Steve gets Congo
INFO:root:Joe fortifies Quebec (2)
INFO:root:Steve fortifies Egypt (2)
INFO:root:Steph fortifies India (2)
INFO:root:Kelly fortifies Southern Europe (2)
INFO:root:Mark fortifies Alaska (2)
INFO:root:Joe fortifies Ontario (2)
INFO:root:Steve fortifies Greenland (2)
INFO:root:Steph fortifies India (3)
INFO:root:Kelly fortifies Iceland (2)
INFO:root:Mark fortifies Alaska (3)
INFO:root:Joe fortifies Western United States (2)
INFO:root:Steve fortifies Greenland (3)
INFO:root:Steph fortifies Mongolia (2)
INFO:root:Kelly fortifies Scandinavia (2)
INFO:root:Mark fortifies Alaska (4)
INFO:root:Joe fortifies New Guinea (2)
INFO:root:Steve fortifies Ukraine (2)
INFO:root:Steph fortifies Afghanistan (2)
INFO:root:Kelly fortifies Southern Europe (3)
INFO:root:Mark fortifies Kamchatka (2)
INFO:root:Joe fortifies Western United States (3)
INFO:root:Steve fortifies Congo (2)
INFO:root:Steph fortifies China (2)
INFO:root:Kelly fortifies Western Europe (2)
INFO:root:Mark fortifies Kamchatka (3)
INFO:root:Joe fortifies East Africa (2)
INFO:root:Steve fortifies Congo (3)
INFO:root:Steph fortifies Ural (2)
INFO:root:Kelly fortifies Middle East (2)
INFO:root:Mark fortifies Alberta (2)
INFO:root:Joe fortifies North Africa (2)
INFO:root:Steve fortifies Congo (4)
INFO:root:Steph fortifies Afghanistan (3)
INFO:root:Kelly fortifies Iceland (3)
INFO:root:Mark fortifies Alaska (5)
INFO:root:Joe fortifies Ontario (3)
INFO:root:Steve fortifies Greenland (4)
INFO:root:Steph fortifies China (3)
INFO:root:Kelly fortifies Scandinavia (3)
INFO:root:Mark fortifies Kamchatka (4)
INFO:root:Joe fortifies Brazil (2)
INFO:root:Steve fortifies South Africa (2)
INFO:root:Steph fortifies Mongolia (3)
INFO:root:Kelly fortifies Iceland (4)
INFO:root:Mark fortifies Argentina (2)
INFO:root:Joe fortifies Northwest Territory (2)
INFO:root:Steve fortifies South Africa (3)
INFO:root:Steph fortifies Japan (2)
INFO:root:Kelly fortifies Scandinavia (4)
INFO:root:Mark fortifies Alberta (3)
INFO:root:Joe fortifies Venezuela (2)
INFO:root:Steve fortifies Ukraine (3)
INFO:root:Steph fortifies Afghanistan (4)
INFO:root:Kelly fortifies Southern Europe (4)
INFO:root:Mark fortifies Kamchatka (5)
INFO:root:Joe fortifies New Guinea (3)
INFO:root:Steve fortifies Peru (2)
INFO:root:Steph fortifies India (4)
INFO:root:Kelly fortifies Western Europe (3)
INFO:root:Mark fortifies Siberia (2)
INFO:root:Joe fortifies East Africa (3)
INFO:root:Steve fortifies South Africa (4)
INFO:root:Steph fortifies Mongolia (4)
INFO:root:Kelly fortifies Northern Europe (2)
INFO:root:Mark fortifies Argentina (3)
INFO:root:Joe fortifies Brazil (3)
INFO:root:Steve fortifies Congo (5)
INFO:root:Steph fortifies India (5)
INFO:root:Kelly fortifies Western Australia (2)
INFO:root:Mark fortifies Irkutsk (2)
INFO:root:Joe fortifies Quebec (3)
INFO:root:Steve fortifies Congo (6)
INFO:root:Steph fortifies Japan (3)
INFO:root:Kelly fortifies Western Australia (3)
INFO:root:Mark fortifies Irkutsk (3)
INFO:root:Joe fortifies Brazil (4)
INFO:root:Steve fortifies Peru (3)
INFO:root:Steph fortifies Japan (4)
INFO:root:Kelly fortifies Western Europe (4)
INFO:root:Mark fortifies Argentina (4)
INFO:root:Steph fortifies China (4)
INFO:root:Kelly fortifies Western Europe (5)
INFO:root:Mark fortifies Irkutsk (4)
INFO:root:Move: 1
INFO:root:Joe receives 3 armies
INFO:root:Joe fortifies North Africa (3)
INFO:root:Joe fortifies Venezuela (3)
INFO:root:Joe fortifies East Africa (4)
INFO:root:Joe attacks Argentina (Mark, 4) from Brazil (4)
INFO:root:Dice rolls: A[6, 3, 2]; D[6]
INFO:root:Losses: Attacker 1 (Brazil 3); Defender 0 (Argentina 4)
INFO:root:Joe attacks Central America (Steve, 1) from Venezuela (3)
INFO:root:Dice rolls: A[3]; D[2]
INFO:root:Losses: Attacker 0 (Venezuela 3); Defender 1 (Central America 0)
INFO:root:Joe has occupied Central America
INFO:root:Joe attacks Eastern United States (Steve, 1) from Western United States (3)
INFO:root:Dice rolls: A[3]; D[3]
INFO:root:Losses: Attacker 1 (Western United States 2); Defender 0 (Eastern United States 1)
INFO:root:Joe attacks Eastern Australia (Steve, 1) from New Guinea (3)
INFO:root:Dice rolls: A[6]; D[2]
INFO:root:Losses: Attacker 0 (New Guinea 3); Defender 1 (Eastern Australia 0)
INFO:root:Joe has occupied Eastern Australia
INFO:root:Joe attacks Alberta (Mark, 3) from Ontario (3)
INFO:root:Dice rolls: A[3]; D[6, 2]
INFO:root:Losses: Attacker 1 (Ontario 2); Defender 0 (Alberta 3)
INFO:root:Joe attacks Western Australia (Kelly, 3) from Eastern Australia (2)
INFO:root:Dice rolls: A[3]; D[5]
INFO:root:Losses: Attacker 1 (Eastern Australia 1); Defender 0 (Western Australia 3)
INFO:root:Joe attacks Eastern United States (Steve, 1) from Ontario (2)
INFO:root:Dice rolls: A[4]; D[6]
INFO:root:Losses: Attacker 1 (Ontario 1); Defender 0 (Eastern United States 1)
INFO:root:Joe attacks Congo (Steve, 6) from East Africa (4)
INFO:root:Dice rolls: A[1]; D[5]
INFO:root:Losses: Attacker 1 (East Africa 3); Defender 0 (Congo 6)
INFO:root:Joe attacks Egypt (Steve, 2) from North Africa (3)
INFO:root:Dice rolls: A[5, 4]; D[1]
INFO:root:Losses: Attacker 0 (North Africa 3); Defender 1 (Egypt 1)
INFO:root:Joe attacks Argentina (Mark, 4) from Brazil (3)
INFO:root:Dice rolls: A[2]; D[5]
INFO:root:Losses: Attacker 1 (Brazil 2); Defender 0 (Argentina 4)
INFO:root:Joe attacks Argentina (Mark, 4) from Brazil (2)
INFO:root:Dice rolls: A[6]; D[2, 2]
INFO:root:Losses: Attacker 0 (Brazil 2); Defender 1 (Argentina 3)
INFO:root:Joe attacks Eastern United States (Steve, 1) from Western United States (2)
INFO:root:Dice rolls: A[1]; D[2]
INFO:root:Losses: Attacker 1 (Western United States 1); Defender 0 (Eastern United States 1)
INFO:root:Joe attacks Eastern United States (Steve, 1) from Quebec (3)
INFO:root:Dice rolls: A[5]; D[1]
INFO:root:Losses: Attacker 0 (Quebec 3); Defender 1 (Eastern United States 0)
INFO:root:Joe has occupied Eastern United States
INFO:root:Joe attacks Argentina (Mark, 3) from Brazil (2)
INFO:root:Dice rolls: A[1]; D[2]
INFO:root:Losses: Attacker 1 (Brazil 1); Defender 0 (Argentina 3)
INFO:root:Joe attacks South Africa (Steve, 4) from East Africa (3)
INFO:root:Dice rolls: A[3]; D[3]
INFO:root:Losses: Attacker 1 (East Africa 2); Defender 0 (South Africa 4)
INFO:root:Joe attacks Greenland (Steve, 4) from Northwest Territory (2)
INFO:root:Dice rolls: A[3]; D[1]
INFO:root:Losses: Attacker 0 (Northwest Territory 2); Defender 1 (Greenland 3)
INFO:root:Joe attacks South Africa (Steve, 4) from East Africa (2)
INFO:root:Dice rolls: A[1]; D[5, 1]
INFO:root:Losses: Attacker 1 (East Africa 1); Defender 0 (South Africa 4)
INFO:root:Joe attacks Western Europe (Kelly, 5) from North Africa (3)
INFO:root:Dice rolls: A[6]; D[6]
INFO:root:Losses: Attacker 1 (North Africa 2); Defender 0 (Western Europe 5)
INFO:root:Joe attacks Western Europe (Kelly, 5) from North Africa (2)
INFO:root:Dice rolls: A[5]; D[4]
INFO:root:Losses: Attacker 0 (North Africa 2); Defender 1 (Western Europe 4)
INFO:root:Joe attacks Egypt (Steve, 1) from North Africa (2)
INFO:root:Dice rolls: A[4]; D[6]
INFO:root:Losses: Attacker 1 (North Africa 1); Defender 0 (Egypt 1)
INFO:root:Joe attacks Alaska (Mark, 5) from Northwest Territory (2)
INFO:root:Dice rolls: A[5]; D[4, 1]
INFO:root:Losses: Attacker 0 (Northwest Territory 2); Defender 1 (Alaska 4)
INFO:root:Joe attacks Greenland (Steve, 3) from Northwest Territory (2)
INFO:root:Dice rolls: A[6]; D[6, 5]
INFO:root:Losses: Attacker 1 (Northwest Territory 1); Defender 0 (Greenland 3)
INFO:root:Steve receives 3 armies
INFO:root:Steve fortifies Peru (4)
INFO:root:Steve fortifies Egypt (2)
INFO:root:Steve fortifies Ukraine (4)
INFO:root:Steve attacks East Africa (Joe, 1) from South Africa (4)
INFO:root:Dice rolls: A[3, 3, 1]; D[1]
INFO:root:Losses: Attacker 0 (South Africa 4); Defender 1 (East Africa 0)
INFO:root:Steve has occupied East Africa
INFO:root:Steve attacks Iceland (Kelly, 4) from Greenland (3)
INFO:root:Dice rolls: A[2]; D[6]
INFO:root:Losses: Attacker 1 (Greenland 2); Defender 0 (Iceland 4)
INFO:root:Steve attacks Middle East (Kelly, 2) from Ukraine (4)
INFO:root:Dice rolls: A[4]; D[4]
INFO:root:Losses: Attacker 1 (Ukraine 3); Defender 0 (Middle East 2)
INFO:root:Steve attacks Southern Europe (Kelly, 4) from Egypt (2)
INFO:root:Dice rolls: A[4]; D[4, 1]
INFO:root:Losses: Attacker 1 (Egypt 1); Defender 0 (Southern Europe 4)
INFO:root:Steve attacks Madagascar (Mark, 1) from East Africa (3)
INFO:root:Dice rolls: A[4]; D[6]
INFO:root:Losses: Attacker 1 (East Africa 2); Defender 0 (Madagascar 1)
INFO:root:Steve attacks Madagascar (Mark, 1) from East Africa (2)
INFO:root:Dice rolls: A[3]; D[1]
INFO:root:Losses: Attacker 0 (East Africa 2); Defender 1 (Madagascar 0)
INFO:root:Steve has occupied Madagascar
INFO:root:Steve attacks Northwest Territory (Joe, 1) from Greenland (2)
INFO:root:Dice rolls: A[5]; D[3]
INFO:root:Losses: Attacker 0 (Greenland 2); Defender 1 (Northwest Territory 0)
INFO:root:Steve has occupied Northwest Territory
INFO:root:Steve attacks Middle East (Kelly, 2) from Ukraine (3)
INFO:root:Dice rolls: A[5, 4]; D[5]
INFO:root:Losses: Attacker 1 (Ukraine 2); Defender 0 (Middle East 2)
INFO:root:Steve attacks Scandinavia (Kelly, 4) from Ukraine (2)
INFO:root:Dice rolls: A[5]; D[6]
INFO:root:Losses: Attacker 1 (Ukraine 1); Defender 0 (Scandinavia 4)
INFO:root:Steve attacks Argentina (Mark, 3) from Peru (4)
INFO:root:Dice rolls: A[4, 2]; D[6, 5]
INFO:root:Losses: Attacker 2 (Peru 2); Defender 0 (Argentina 3)
INFO:root:Steve attacks Argentina (Mark, 3) from Peru (2)
INFO:root:Dice rolls: A[1]; D[2]
INFO:root:Losses: Attacker 1 (Peru 1); Defender 0 (Argentina 3)
INFO:root:Steve attacks North Africa (Joe, 1) from Congo (6)
INFO:root:Dice rolls: A[3, 3]; D[6]
INFO:root:Losses: Attacker 1 (Congo 5); Defender 0 (North Africa 1)
INFO:root:Steve attacks North Africa (Joe, 1) from Congo (5)
INFO:root:Dice rolls: A[3, 2, 2]; D[2]
INFO:root:Losses: Attacker 0 (Congo 5); Defender 1 (North Africa 0)
INFO:root:Steve has occupied North Africa
INFO:root:Steve attacks Western Europe (Kelly, 4) from North Africa (4)
INFO:root:Dice rolls: A[6, 4]; D[2, 1]
INFO:root:Losses: Attacker 0 (North Africa 4); Defender 2 (Western Europe 2)
INFO:root:Steve attacks Western Europe (Kelly, 2) from North Africa (4)
INFO:root:Dice rolls: A[1]; D[1, 1]
INFO:root:Losses: Attacker 1 (North Africa 3); Defender 0 (Western Europe 2)
INFO:root:Steve attacks Western Europe (Kelly, 2) from North Africa (3)
INFO:root:Dice rolls: A[4, 3]; D[2]
INFO:root:Losses: Attacker 0 (North Africa 3); Defender 1 (Western Europe 1)
INFO:root:Steve attacks Brazil (Joe, 1) from North Africa (3)
INFO:root:Dice rolls: A[3, 1]; D[2]
INFO:root:Losses: Attacker 0 (North Africa 3); Defender 1 (Brazil 0)
INFO:root:Steve has occupied Brazil
INFO:root:Steve attacks Venezuela (Joe, 1) from Brazil (2)
INFO:root:Dice rolls: A[3]; D[5]
INFO:root:Losses: Attacker 1 (Brazil 1); Defender 0 (Venezuela 1)
INFO:root:Steph receives 3 armies
INFO:root:Steph fortifies China (5)
INFO:root:Steph fortifies Indonesia (2)
INFO:root:Steph fortifies Indonesia (3)
INFO:root:Steph attacks Ukraine (Steve, 1) from Afghanistan (4)
INFO:root:Dice rolls: A[5, 3]; D[3]
INFO:root:Losses: Attacker 0 (Afghanistan 4); Defender 1 (Ukraine 0)
INFO:root:Steph has occupied Ukraine
INFO:root:Steph attacks Siberia (Mark, 2) from Ural (2)
INFO:root:Dice rolls: A[1]; D[6, 6]
INFO:root:Losses: Attacker 1 (Ural 1); Defender 0 (Siberia 2)
INFO:root:Steph attacks Siberia (Mark, 2) from China (5)
INFO:root:Dice rolls: A[4]; D[6, 1]
INFO:root:Losses: Attacker 1 (China 4); Defender 0 (Siberia 2)
INFO:root:Steph attacks Kamchatka (Mark, 5) from Japan (4)
INFO:root:Dice rolls: A[3, 2, 2]; D[4, 2]
INFO:root:Losses: Attacker 2 (Japan 2); Defender 0 (Kamchatka 5)
INFO:root:Steph attacks Middle East (Kelly, 2) from India (5)
INFO:root:Dice rolls: A[6, 3, 3]; D[4, 3]
INFO:root:Losses: Attacker 1 (India 4); Defender 1 (Middle East 1)
INFO:root:Steph attacks Siberia (Mark, 2) from China (4)
INFO:root:Dice rolls: A[5, 4, 4]; D[4, 3]
INFO:root:Losses: Attacker 0 (China 4); Defender 2 (Siberia 0)
INFO:root:Steph has occupied Siberia
INFO:root:Steph attacks Kamchatka (Mark, 5) from Mongolia (4)
INFO:root:Dice rolls: A[4]; D[5, 1]
INFO:root:Losses: Attacker 1 (Mongolia 3); Defender 0 (Kamchatka 5)
INFO:root:Steph attacks Yakutsk (Mark, 1) from Siberia (3)
INFO:root:Dice rolls: A[3]; D[6]
INFO:root:Losses: Attacker 1 (Siberia 2); Defender 0 (Yakutsk 1)
INFO:root:Steph attacks Middle East (Kelly, 1) from India (4)
INFO:root:Dice rolls: A[5, 2]; D[6]
INFO:root:Losses: Attacker 1 (India 3); Defender 0 (Middle East 1)
INFO:root:Steph attacks Kamchatka (Mark, 5) from Japan (2)
INFO:root:Dice rolls: A[3]; D[5, 4]
INFO:root:Losses: Attacker 1 (Japan 1); Defender 0 (Kamchatka 5)
INFO:root:Steph attacks Middle East (Kelly, 1) from India (3)
INFO:root:Dice rolls: A[3, 2]; D[3]
INFO:root:Losses: Attacker 1 (India 2); Defender 0 (Middle East 1)
INFO:root:Steph attacks Middle East (Kelly, 1) from India (2)
INFO:root:Dice rolls: A[6]; D[2]
INFO:root:Losses: Attacker 0 (India 2); Defender 1 (Middle East 0)
INFO:root:Steph has occupied Middle East
INFO:root:Steph attacks Western Australia (Kelly, 3) from Indonesia (3)
INFO:root:Dice rolls: A[1, 1]; D[4, 3]
INFO:root:Losses: Attacker 2 (Indonesia 1); Defender 0 (Western Australia 3)
INFO:root:Steph attacks Kamchatka (Mark, 5) from Mongolia (3)
INFO:root:Dice rolls: A[5, 4]; D[5, 3]
INFO:root:Losses: Attacker 1 (Mongolia 2); Defender 1 (Kamchatka 4)
INFO:root:Steph attacks Kamchatka (Mark, 4) from Mongolia (2)
INFO:root:Dice rolls: A[3]; D[3, 2]
INFO:root:Losses: Attacker 1 (Mongolia 1); Defender 0 (Kamchatka 4)
INFO:root:Steph attacks Southern Europe (Kelly, 4) from Ukraine (3)
INFO:root:Dice rolls: A[6]; D[5, 1]
INFO:root:Losses: Attacker 0 (Ukraine 3); Defender 1 (Southern Europe 3)
INFO:root:Steph attacks Yakutsk (Mark, 1) from Siberia (2)
INFO:root:Dice rolls: A[2]; D[4]
INFO:root:Losses: Attacker 1 (Siberia 1); Defender 0 (Yakutsk 1)
INFO:root:Steph attacks Scandinavia (Kelly, 4) from Ukraine (3)
INFO:root:Dice rolls: A[5, 3]; D[2, 2]
INFO:root:Losses: Attacker 0 (Ukraine 3); Defender 2 (Scandinavia 2)
INFO:root:Steph attacks Southern Europe (Kelly, 3) from Ukraine (3)
INFO:root:Dice rolls: A[1]; D[3, 2]
INFO:root:Losses: Attacker 1 (Ukraine 2); Defender 0 (Southern Europe 3)
INFO:root:Steph attacks Northern Europe (Kelly, 2) from Ukraine (2)
INFO:root:Dice rolls: A[5]; D[2, 2]
INFO:root:Losses: Attacker 0 (Ukraine 2); Defender 1 (Northern Europe 1)
INFO:root:Steph attacks Northern Europe (Kelly, 1) from Ukraine (2)
INFO:root:Dice rolls: A[1]; D[2]
INFO:root:Losses: Attacker 1 (Ukraine 1); Defender 0 (Northern Europe 1)
INFO:root:Kelly receives 3 armies
INFO:root:Kelly fortifies Western Australia (4)
INFO:root:Kelly fortifies Western Australia (5)
INFO:root:Kelly fortifies Southern Europe (4)
INFO:root:Kelly attacks Greenland (Steve, 1) from Iceland (4)
INFO:root:Dice rolls: A[6, 2, 1]; D[6]
INFO:root:Losses: Attacker 1 (Iceland 3); Defender 0 (Greenland 1)
INFO:root:Kelly attacks Ukraine (Steph, 1) from Scandinavia (2)
INFO:root:Dice rolls: A[4]; D[4]
INFO:root:Losses: Attacker 1 (Scandinavia 1); Defender 0 (Ukraine 1)
INFO:root:Kelly attacks Eastern Australia (Joe, 1) from Western Australia (5)
INFO:root:Dice rolls: A[3, 2]; D[4]
INFO:root:Losses: Attacker 1 (Western Australia 4); Defender 0 (Eastern Australia 1)
INFO:root:Kelly attacks Greenland (Steve, 1) from Iceland (3)
INFO:root:Dice rolls: A[4]; D[4]
INFO:root:Losses: Attacker 1 (Iceland 2); Defender 0 (Greenland 1)
INFO:root:Kelly attacks Eastern Australia (Joe, 1) from Western Australia (4)
INFO:root:Dice rolls: A[6, 1, 1]; D[4]
INFO:root:Losses: Attacker 0 (Western Australia 4); Defender 1 (Eastern Australia 0)
INFO:root:Kelly has occupied Eastern Australia
INFO:root:Kelly attacks Greenland (Steve, 1) from Iceland (2)
INFO:root:Dice rolls: A[6]; D[6]
INFO:root:Losses: Attacker 1 (Iceland 1); Defender 0 (Greenland 1)
INFO:root:Kelly attacks North Africa (Steve, 1) from Southern Europe (4)
INFO:root:Dice rolls: A[5]; D[6]
INFO:root:Losses: Attacker 1 (Southern Europe 3); Defender 0 (North Africa 1)
INFO:root:Kelly attacks New Guinea (Joe, 1) from Eastern Australia (3)
INFO:root:Dice rolls: A[4]; D[4]
INFO:root:Losses: Attacker 1 (Eastern Australia 2); Defender 0 (New Guinea 1)
INFO:root:Kelly attacks Egypt (Steve, 1) from Southern Europe (3)
INFO:root:Dice rolls: A[6, 4]; D[2]
INFO:root:Losses: Attacker 0 (Southern Europe 3); Defender 1 (Egypt 0)
INFO:root:Kelly has occupied Egypt
INFO:root:Kelly attacks New Guinea (Joe, 1) from Eastern Australia (2)
INFO:root:Dice rolls: A[2]; D[6]
INFO:root:Losses: Attacker 1 (Eastern Australia 1); Defender 0 (New Guinea 1)
INFO:root:Kelly attacks East Africa (Steve, 1) from Egypt (2)
INFO:root:Dice rolls: A[3]; D[3]
INFO:root:Losses: Attacker 1 (Egypt 1); Defender 0 (East Africa 1)
INFO:root:Mark receives 3 armies
INFO:root:Mark fortifies Irkutsk (5)
INFO:root:Mark fortifies Alberta (4)
INFO:root:Mark fortifies Yakutsk (2)
INFO:root:Mark attacks Siberia (Steph, 1) from Yakutsk (2)
INFO:root:Dice rolls: A[1]; D[1]
INFO:root:Losses: Attacker 1 (Yakutsk 1); Defender 0 (Siberia 1)
INFO:root:Mark attacks Mongolia (Steph, 1) from Irkutsk (5)
INFO:root:Dice rolls: A[5, 3, 1]; D[5]
INFO:root:Losses: Attacker 1 (Irkutsk 4); Defender 0 (Mongolia 1)
INFO:root:Mark attacks Mongolia (Steph, 1) from Kamchatka (4)
INFO:root:Dice rolls: A[2, 1, 1]; D[5]
INFO:root:Losses: Attacker 1 (Kamchatka 3); Defender 0 (Mongolia 1)
